#
# A fatal error has been detected by the Java Runtime Environment:
#
#  EXCEPTION_ACCESS_VIOLATION (0xc0000005) at pc=0x000000007110b5db, pid=9844, tid=11140
#
# JRE version: OpenJDK Runtime Environment (16.0.2+7) (build 16.0.2+7-67)
# Java VM: OpenJDK 64-Bit Server VM (16.0.2+7-67, mixed mode, tiered, compressed oops, compressed class ptrs, g1 gc, windows-amd64)
# Problematic frame:
# C  [jSSC-2.8_x86_64.dll+0xb5db]
#
# No core dump will be written. Minidumps are not enabled by default on client versions of Windows
#
# If you would like to submit a bug report, please visit:
#   https://bugreport.java.com/bugreport/crash.jsp
# The crash happened outside the Java Virtual Machine in native code.
# See problematic frame for where to report the bug.
#

---------------  S U M M A R Y ------------

Command Line: -Dfile.encoding=UTF-8 -XX:+ShowCodeDetailsInExceptionMessages MainScreen

Host: Intel(R) Core(TM) i5-7400 CPU @ 3.00GHz, 4 cores, 7G,  Windows 10 , 64 bit Build 19041 (10.0.19041.1151)
Time: Fri Aug 20 13:21:20 2021 RTZ 2 (s 10 , 64 bit Build 19041 (10.0.19041.1151) elapsed time: 3.722918 seconds (0d 0h 0m 3s)

---------------  T H R E A D  ---------------

Current thread (0x000001c1777d69d0):  JavaThread "Timer-0" [_thread_in_native, id=11140, stack(0x0000006ec5600000,0x0000006ec5700000)]

Stack: [0x0000006ec5600000,0x0000006ec5700000],  sp=0x0000006ec56fed20,  free space=1019k
Native frames: (J=compiled Java code, j=interpreted, Vv=VM code, C=native code)
C  [jSSC-2.8_x86_64.dll+0xb5db]

Java frames: (J=compiled Java code, j=interpreted, Vv=VM code)
j  jssc.SerialNativeInterface.openPort(Ljava/lang/String;Z)J+0
j  jssc.SerialPort.openPort()Z+65
j  MyMatch.EmusDeff.init()V+17
j  MyMatch.EmusDeff$1.run()V+330
j  java.util.TimerThread.mainLoop()V+221 java.base@16.0.2
j  java.util.TimerThread.run()V+1 java.base@16.0.2
v  ~StubRoutines::call_stub

siginfo: EXCEPTION_ACCESS_VIOLATION (0xc0000005), reading address 0x0000000079936fd1


Register to memory mapping:

RIP=0x000000007110b5db jSSC-2.8_x86_64.dll
RAX=0x0000000079936fd1 is an unknown value
RBX=0x0000006ec56fed90 is pointing into the stack for thread: 0x000001c1777d69d0
RCX=0x00007ffea798d004 ntdll.dll
RDX=0x0 is NULL
RSP=0x0000006ec56fed20 is pointing into the stack for thread: 0x000001c1777d69d0
RBP=0x0000006ec56feea0 is pointing into the stack for thread: 0x000001c1777d69d0
RSI=0x000001c1777d6ce0 points into unknown readable memory: 0x00007ffe4caa33d0 | d0 33 aa 4c fe 7f 00 00
RDI=0x00000000000005f0 is an unknown value
R8 =0x0000006ec56fec18 is pointing into the stack for thread: 0x000001c1777d69d0
R9 =0x0000006ec56fed10 is pointing into the stack for thread: 0x000001c1777d69d0
R10=0x0 is NULL
R11=0x0000000000000246 is an unknown value
R12=0x0000006ec56fef60 is pointing into the stack for thread: 0x000001c1777d69d0
R13=0x000001c1777727f0 points into unknown readable memory: 0x4d747300394d4f43 | 43 4f 4d 39 00 73 74 4d
R14=0x0000006ec56fee50 is pointing into the stack for thread: 0x000001c1777d69d0
R15=0x000001c1777d69d0 is a thread


Registers:
RAX=0x0000000079936fd1, RBX=0x0000006ec56fed90, RCX=0x00007ffea798d004, RDX=0x0000000000000000
RSP=0x0000006ec56fed20, RBP=0x0000006ec56feea0, RSI=0x000001c1777d6ce0, RDI=0x00000000000005f0
R8 =0x0000006ec56fec18, R9 =0x0000006ec56fed10, R10=0x0000000000000000, R11=0x0000000000000246
R12=0x0000006ec56fef60, R13=0x000001c1777727f0, R14=0x0000006ec56fee50, R15=0x000001c1777d69d0
RIP=0x000000007110b5db, EFLAGS=0x0000000000010202

Top of Stack: (sp=0x0000006ec56fed20)
0x0000006ec56fed20:   000001c1777f3320 000001c177772600
0x0000006ec56fed30:   000000007110b230 000001c15acf0000
0x0000006ec56fed40:   000001c15ac10000 0000000000000004
0x0000006ec56fed50:   000001c1777d6ce0 00000000000005f0
0x0000006ec56fed60:   0000006ec56feea0 0000000071112590
0x0000006ec56fed70:   000001c1777d69d0 0000006ec56fee50
0x0000006ec56fed80:   000001c1777727f0 0000006ec56fef60
0x0000006ec56fed90:   000001c1777727f0 00007ffea79147b1
0x0000006ec56feda0:   0000006ec56fedd0 000001c15acf0000
0x0000006ec56fedb0:   0000006ec56feea0 0000000000000000
0x0000006ec56fedc0:   0000000071113500 0000000071113be8
0x0000006ec56fedd0:   0000006ec56fee00 0000000071112641
0x0000006ec56fede0:   0000006ec56fed70 000001c1777d6ce0
0x0000006ec56fedf0:   0000000000000000 0000000000000000
0x0000006ec56fee00:   0000006ec56feea0 0000000071101595
0x0000006ec56fee10:   000000000000001c 000001c100000000 

Instructions: (pc=0x000000007110b5db)
0x000000007110b4db:   48 85 c0 74 bf 44 8b 03 45 85 c0 0f 84 77 ff ff
0x000000007110b4eb:   ff eb 9f 66 90 e8 8b fe ff ff 48 89 05 0c 34 01
0x000000007110b4fb:   00 eb ad 66 90 e8 7b fe ff ff 48 89 05 fc 33 01
0x000000007110b50b:   00 eb 8b e8 8d fe ff ff c7 03 01 00 00 00 e9 6f
0x000000007110b51b:   ff ff ff 66 90 55 48 89 e5 56 53 48 83 ec 20 48
0x000000007110b52b:   8b 05 d7 33 01 00 48 8b 31 48 89 cb 48 85 c0 74
0x000000007110b53b:   56 44 8b 18 45 85 db 78 42 48 8b 05 bd 33 01 00
0x000000007110b54b:   48 85 c0 74 50 44 8b 10 45 85 d2 74 1d 48 89 f1
0x000000007110b55b:   e8 d0 fd ff ff 48 8b 13 48 8d 42 40 48 8b 48 08
0x000000007110b56b:   48 8b 6a 40 48 8b 60 10 ff e1 48 8b 05 9c 33 01
0x000000007110b57b:   00 48 85 c0 74 2d 48 89 30 eb da e8 b5 fe ff ff
0x000000007110b58b:   0f 1f 44 00 00 eb b2 e8 e9 fd ff ff 48 89 05 6a
0x000000007110b59b:   33 01 00 eb 9c e8 db fd ff ff 48 89 05 5c 33 01
0x000000007110b5ab:   00 eb a2 e8 3d fd ff ff 48 89 05 5e 33 01 00 eb
0x000000007110b5bb:   c5 0f 1f 40 00 55 57 56 53 48 83 ec 28 48 8b 05
0x000000007110b5cb:   39 33 01 00 48 89 cb 48 85 c0 0f 84 c5 00 00 00
0x000000007110b5db:   8b 38 85 ff 0f 88 ab 00 00 00 48 8b 05 1c 33 01
0x000000007110b5eb:   00 48 85 c0 0f 84 bc 00 00 00 8b 30 85 f6 74 57
0x000000007110b5fb:   48 8b 05 0e 33 01 00 48 85 c0 0f 84 e5 00 00 00
0x000000007110b60b:   8b 28 48 8b 35 10 5e 01 00 ff d6 89 c7 89 e9 ff
0x000000007110b61b:   15 f4 5e 01 00 89 f9 48 89 c5 ff 15 b9 5e 01 00
0x000000007110b62b:   48 8b 05 de 32 01 00 48 89 2b 48 85 c0 74 46 48
0x000000007110b63b:   89 da 8b 08 ff 15 d7 5e 01 00 85 c0 74 27 48 83
0x000000007110b64b:   c4 28 5b 5e 5f 5d c3 48 8b 05 bf 32 01 00 48 85
0x000000007110b65b:   c0 74 64 48 8b 10 48 89 13 48 89 18 48 83 c4 28
0x000000007110b66b:   5b 5e 5f 5d c3 48 89 f2 48 83 c4 28 5b 5e 5f 5d
0x000000007110b67b:   48 ff e2 66 90 e8 8b fc ff ff 48 89 05 84 32 01
0x000000007110b68b:   00 eb ac 66 90 e8 ab fd ff ff e9 4b ff ff ff 66
0x000000007110b69b:   0f 1f 44 00 00 e8 db fc ff ff 48 89 05 5c 32 01
0x000000007110b6ab:   00 e9 2a ff ff ff e8 ca fc ff ff 48 89 05 4b 32
0x000000007110b6bb:   01 00 e9 33 ff ff ff e8 29 fc ff ff 48 89 05 4a
0x000000007110b6cb:   32 01 00 48 8b 10 48 85 c0 48 89 13 75 8b e8 12 


Stack slot to memory mapping:
stack at sp + 0 slots: 0x000001c1777f3320 points into unknown readable memory: 0x000001c15ad02d40 | 40 2d d0 5a c1 01 00 00
stack at sp + 1 slots: 0x000001c177772600 points into unknown readable memory: 0x000001c1777c6eb0 | b0 6e 7c 77 c1 01 00 00
stack at sp + 2 slots: 0x000000007110b230 jSSC-2.8_x86_64.dll
stack at sp + 3 slots: 0x000001c15acf0000 points into unknown readable memory: 0x0000000000000000 | 00 00 00 00 00 00 00 00
stack at sp + 4 slots: 0x000001c15ac10000 points into unknown readable memory: 0x0000000000000000 | 00 00 00 00 00 00 00 00
stack at sp + 5 slots: 0x0000000000000004 is an unknown value
stack at sp + 6 slots: 0x000001c1777d6ce0 points into unknown readable memory: 0x00007ffe4caa33d0 | d0 33 aa 4c fe 7f 00 00
stack at sp + 7 slots: 0x00000000000005f0 is an unknown value


---------------  P R O C E S S  ---------------

Threads class SMR info:
_java_thread_list=0x000001c1777fbce0, length=19, elements={
0x000001c176365180, 0x000001c176366ac0, 0x000001c1763c4a80, 0x000001c176d154a0,
0x000001c176d18560, 0x000001c176d18e70, 0x000001c176d19b60, 0x000001c176d56a60,
0x000001c176d8e320, 0x000001c176e87e50, 0x000001c176e8ea80, 0x000001c17710b470,
0x000001c17710b990, 0x000001c17710beb0, 0x000001c17721a300, 0x000001c15cdba300,
0x000001c177768010, 0x000001c1777d69d0, 0x000001c1777d70c0
}

Java Threads: ( => current thread )
  0x000001c176365180 JavaThread "Reference Handler" daemon [_thread_blocked, id=11492, stack(0x0000006ec4200000,0x0000006ec4300000)]
  0x000001c176366ac0 JavaThread "Finalizer" daemon [_thread_blocked, id=2520, stack(0x0000006ec4300000,0x0000006ec4400000)]
  0x000001c1763c4a80 JavaThread "Signal Dispatcher" daemon [_thread_blocked, id=3016, stack(0x0000006ec4400000,0x0000006ec4500000)]
  0x000001c176d154a0 JavaThread "Attach Listener" daemon [_thread_blocked, id=8340, stack(0x0000006ec4500000,0x0000006ec4600000)]
  0x000001c176d18560 JavaThread "Service Thread" daemon [_thread_blocked, id=2568, stack(0x0000006ec4600000,0x0000006ec4700000)]
  0x000001c176d18e70 JavaThread "Monitor Deflation Thread" daemon [_thread_blocked, id=6316, stack(0x0000006ec4700000,0x0000006ec4800000)]
  0x000001c176d19b60 JavaThread "C2 CompilerThread0" daemon [_thread_blocked, id=7076, stack(0x0000006ec4800000,0x0000006ec4900000)]
  0x000001c176d56a60 JavaThread "C1 CompilerThread0" daemon [_thread_blocked, id=1820, stack(0x0000006ec4900000,0x0000006ec4a00000)]
  0x000001c176d8e320 JavaThread "Sweeper thread" daemon [_thread_blocked, id=7012, stack(0x0000006ec4a00000,0x0000006ec4b00000)]
  0x000001c176e87e50 JavaThread "Notification Thread" daemon [_thread_blocked, id=9412, stack(0x0000006ec4b00000,0x0000006ec4c00000)]
  0x000001c176e8ea80 JavaThread "Common-Cleaner" daemon [_thread_blocked, id=4780, stack(0x0000006ec4d00000,0x0000006ec4e00000)]
  0x000001c17710b470 JavaThread "Java2D Disposer" daemon [_thread_blocked, id=9868, stack(0x0000006ec4e00000,0x0000006ec4f00000)]
  0x000001c17710b990 JavaThread "AWT-Shutdown" [_thread_blocked, id=10688, stack(0x0000006ec4f00000,0x0000006ec5000000)]
  0x000001c17710beb0 JavaThread "AWT-Windows" daemon [_thread_in_native, id=11204, stack(0x0000006ec5000000,0x0000006ec5100000)]
  0x000001c17721a300 JavaThread "AWT-EventQueue-0" [_thread_blocked, id=2320, stack(0x0000006ec5100000,0x0000006ec5200000)]
  0x000001c15cdba300 JavaThread "DestroyJavaVM" [_thread_blocked, id=680, stack(0x0000006ec3b00000,0x0000006ec3c00000)]
  0x000001c177768010 JavaThread "TimerQueue" daemon [_thread_blocked, id=6120, stack(0x0000006ec5500000,0x0000006ec5600000)]
=>0x000001c1777d69d0 JavaThread "Timer-0" [_thread_in_native, id=11140, stack(0x0000006ec5600000,0x0000006ec5700000)]
  0x000001c1777d70c0 JavaThread "Timer-1" [_thread_blocked, id=3168, stack(0x0000006ec5700000,0x0000006ec5800000)]

Other Threads:
  0x000001c17632afe0 VMThread "VM Thread" [stack: 0x0000006ec4100000,0x0000006ec4200000] [id=10468]
  0x000001c176e8a780 WatcherThread [stack: 0x0000006ec4c00000,0x0000006ec4d00000] [id=11224]
  0x000001c15cdf7a30 GCTaskThread "GC Thread#0" [stack: 0x0000006ec3c00000,0x0000006ec3d00000] [id=11248]
  0x000001c15ce09eb0 ConcurrentGCThread "G1 Main Marker" [stack: 0x0000006ec3d00000,0x0000006ec3e00000] [id=5464]
  0x000001c15ce0afd0 ConcurrentGCThread "G1 Conc#0" [stack: 0x0000006ec3e00000,0x0000006ec3f00000] [id=9744]
  0x000001c15ce84e60 ConcurrentGCThread "G1 Refine#0" [stack: 0x0000006ec3f00000,0x0000006ec4000000] [id=10956]
  0x000001c15ce857f0 ConcurrentGCThread "G1 Service" [stack: 0x0000006ec4000000,0x0000006ec4100000] [id=3696]

Threads with active compile tasks:

VM state: not at safepoint (normal execution)

VM Mutex/Monitor currently owned by a thread: None

Heap address: 0x0000000081400000, size: 2028 MB, Compressed Oops mode: 32-bit

CDS disabled.
Compressed class space mapped at: 0x0000000100000000-0x0000000140000000, reserved size: 1073741824
Narrow klass base: 0x0000000000000000, Narrow klass shift: 3, Narrow klass range: 0x140000000

GC Precious Log:
 CPUs: 4 total, 4 available
 Memory: 8110M
 Large Page Support: Disabled
 NUMA Support: Disabled
 Compressed Oops: Enabled (32-bit)
 Heap Region Size: 1M
 Heap Min Capacity: 8M
 Heap Initial Capacity: 128M
 Heap Max Capacity: 2028M
 Pre-touch: Disabled
 Parallel Workers: 4
 Concurrent Workers: 1
 Concurrent Refinement Workers: 4
 Periodic GC: Disabled

Heap:
 garbage-first heap   total 131072K, used 14336K [0x0000000081400000, 0x0000000100000000)
  region size 1024K, 11 young (11264K), 0 survivors (0K)
 Metaspace       used 18364K, committed 18496K, reserved 1073152K
  class space    used 1902K, committed 1984K, reserved 1048576K

Heap Regions: E=young(eden), S=young(survivor), O=old, HS=humongous(starts), HC=humongous(continues), CS=collection set, F=free, OA=open archive, CA=closed archive, TAMS=top-at-mark-start (previous, next)
|   0|0x0000000081400000, 0x0000000081500000, 0x0000000081500000|100%|HS|  |TAMS 0x0000000081400000, 0x0000000081400000| Complete 
|   1|0x0000000081500000, 0x0000000081600000, 0x0000000081600000|100%|HS|  |TAMS 0x0000000081500000, 0x0000000081500000| Complete 
|   2|0x0000000081600000, 0x0000000081700000, 0x0000000081700000|100%|HS|  |TAMS 0x0000000081600000, 0x0000000081600000| Complete 
|   3|0x0000000081700000, 0x0000000081800000, 0x0000000081800000|100%|HS|  |TAMS 0x0000000081700000, 0x0000000081700000| Complete 
|   4|0x0000000081800000, 0x0000000081800000, 0x0000000081900000|  0%| F|  |TAMS 0x0000000081800000, 0x0000000081800000| Untracked 
|   5|0x0000000081900000, 0x0000000081900000, 0x0000000081a00000|  0%| F|  |TAMS 0x0000000081900000, 0x0000000081900000| Untracked 
|   6|0x0000000081a00000, 0x0000000081a00000, 0x0000000081b00000|  0%| F|  |TAMS 0x0000000081a00000, 0x0000000081a00000| Untracked 
|   7|0x0000000081b00000, 0x0000000081b00000, 0x0000000081c00000|  0%| F|  |TAMS 0x0000000081b00000, 0x0000000081b00000| Untracked 
|   8|0x0000000081c00000, 0x0000000081c00000, 0x0000000081d00000|  0%| F|  |TAMS 0x0000000081c00000, 0x0000000081c00000| Untracked 
|   9|0x0000000081d00000, 0x0000000081d00000, 0x0000000081e00000|  0%| F|  |TAMS 0x0000000081d00000, 0x0000000081d00000| Untracked 
|  10|0x0000000081e00000, 0x0000000081e00000, 0x0000000081f00000|  0%| F|  |TAMS 0x0000000081e00000, 0x0000000081e00000| Untracked 
|  11|0x0000000081f00000, 0x0000000081f00000, 0x0000000082000000|  0%| F|  |TAMS 0x0000000081f00000, 0x0000000081f00000| Untracked 
|  12|0x0000000082000000, 0x0000000082000000, 0x0000000082100000|  0%| F|  |TAMS 0x0000000082000000, 0x0000000082000000| Untracked 
|  13|0x0000000082100000, 0x0000000082100000, 0x0000000082200000|  0%| F|  |TAMS 0x0000000082100000, 0x0000000082100000| Untracked 
|  14|0x0000000082200000, 0x0000000082200000, 0x0000000082300000|  0%| F|  |TAMS 0x0000000082200000, 0x0000000082200000| Untracked 
|  15|0x0000000082300000, 0x0000000082300000, 0x0000000082400000|  0%| F|  |TAMS 0x0000000082300000, 0x0000000082300000| Untracked 
|  16|0x0000000082400000, 0x0000000082400000, 0x0000000082500000|  0%| F|  |TAMS 0x0000000082400000, 0x0000000082400000| Untracked 
|  17|0x0000000082500000, 0x0000000082500000, 0x0000000082600000|  0%| F|  |TAMS 0x0000000082500000, 0x0000000082500000| Untracked 
|  18|0x0000000082600000, 0x0000000082600000, 0x0000000082700000|  0%| F|  |TAMS 0x0000000082600000, 0x0000000082600000| Untracked 
|  19|0x0000000082700000, 0x0000000082700000, 0x0000000082800000|  0%| F|  |TAMS 0x0000000082700000, 0x0000000082700000| Untracked 
|  20|0x0000000082800000, 0x0000000082800000, 0x0000000082900000|  0%| F|  |TAMS 0x0000000082800000, 0x0000000082800000| Untracked 
|  21|0x0000000082900000, 0x0000000082900000, 0x0000000082a00000|  0%| F|  |TAMS 0x0000000082900000, 0x0000000082900000| Untracked 
|  22|0x0000000082a00000, 0x0000000082a00000, 0x0000000082b00000|  0%| F|  |TAMS 0x0000000082a00000, 0x0000000082a00000| Untracked 
|  23|0x0000000082b00000, 0x0000000082b00000, 0x0000000082c00000|  0%| F|  |TAMS 0x0000000082b00000, 0x0000000082b00000| Untracked 
|  24|0x0000000082c00000, 0x0000000082c00000, 0x0000000082d00000|  0%| F|  |TAMS 0x0000000082c00000, 0x0000000082c00000| Untracked 
|  25|0x0000000082d00000, 0x0000000082d00000, 0x0000000082e00000|  0%| F|  |TAMS 0x0000000082d00000, 0x0000000082d00000| Untracked 
|  26|0x0000000082e00000, 0x0000000082e00000, 0x0000000082f00000|  0%| F|  |TAMS 0x0000000082e00000, 0x0000000082e00000| Untracked 
|  27|0x0000000082f00000, 0x0000000082f00000, 0x0000000083000000|  0%| F|  |TAMS 0x0000000082f00000, 0x0000000082f00000| Untracked 
|  28|0x0000000083000000, 0x0000000083000000, 0x0000000083100000|  0%| F|  |TAMS 0x0000000083000000, 0x0000000083000000| Untracked 
|  29|0x0000000083100000, 0x0000000083100000, 0x0000000083200000|  0%| F|  |TAMS 0x0000000083100000, 0x0000000083100000| Untracked 
|  30|0x0000000083200000, 0x0000000083200000, 0x0000000083300000|  0%| F|  |TAMS 0x0000000083200000, 0x0000000083200000| Untracked 
|  31|0x0000000083300000, 0x0000000083300000, 0x0000000083400000|  0%| F|  |TAMS 0x0000000083300000, 0x0000000083300000| Untracked 
|  32|0x0000000083400000, 0x0000000083400000, 0x0000000083500000|  0%| F|  |TAMS 0x0000000083400000, 0x0000000083400000| Untracked 
|  33|0x0000000083500000, 0x0000000083500000, 0x0000000083600000|  0%| F|  |TAMS 0x0000000083500000, 0x0000000083500000| Untracked 
|  34|0x0000000083600000, 0x0000000083600000, 0x0000000083700000|  0%| F|  |TAMS 0x0000000083600000, 0x0000000083600000| Untracked 
|  35|0x0000000083700000, 0x0000000083700000, 0x0000000083800000|  0%| F|  |TAMS 0x0000000083700000, 0x0000000083700000| Untracked 
|  36|0x0000000083800000, 0x0000000083800000, 0x0000000083900000|  0%| F|  |TAMS 0x0000000083800000, 0x0000000083800000| Untracked 
|  37|0x0000000083900000, 0x0000000083900000, 0x0000000083a00000|  0%| F|  |TAMS 0x0000000083900000, 0x0000000083900000| Untracked 
|  38|0x0000000083a00000, 0x0000000083a00000, 0x0000000083b00000|  0%| F|  |TAMS 0x0000000083a00000, 0x0000000083a00000| Untracked 
|  39|0x0000000083b00000, 0x0000000083b00000, 0x0000000083c00000|  0%| F|  |TAMS 0x0000000083b00000, 0x0000000083b00000| Untracked 
|  40|0x0000000083c00000, 0x0000000083c00000, 0x0000000083d00000|  0%| F|  |TAMS 0x0000000083c00000, 0x0000000083c00000| Untracked 
|  41|0x0000000083d00000, 0x0000000083d00000, 0x0000000083e00000|  0%| F|  |TAMS 0x0000000083d00000, 0x0000000083d00000| Untracked 
|  42|0x0000000083e00000, 0x0000000083e00000, 0x0000000083f00000|  0%| F|  |TAMS 0x0000000083e00000, 0x0000000083e00000| Untracked 
|  43|0x0000000083f00000, 0x0000000083f00000, 0x0000000084000000|  0%| F|  |TAMS 0x0000000083f00000, 0x0000000083f00000| Untracked 
|  44|0x0000000084000000, 0x0000000084000000, 0x0000000084100000|  0%| F|  |TAMS 0x0000000084000000, 0x0000000084000000| Untracked 
|  45|0x0000000084100000, 0x0000000084100000, 0x0000000084200000|  0%| F|  |TAMS 0x0000000084100000, 0x0000000084100000| Untracked 
|  46|0x0000000084200000, 0x0000000084200000, 0x0000000084300000|  0%| F|  |TAMS 0x0000000084200000, 0x0000000084200000| Untracked 
|  47|0x0000000084300000, 0x0000000084300000, 0x0000000084400000|  0%| F|  |TAMS 0x0000000084300000, 0x0000000084300000| Untracked 
|  48|0x0000000084400000, 0x0000000084400000, 0x0000000084500000|  0%| F|  |TAMS 0x0000000084400000, 0x0000000084400000| Untracked 
|  49|0x0000000084500000, 0x0000000084500000, 0x0000000084600000|  0%| F|  |TAMS 0x0000000084500000, 0x0000000084500000| Untracked 
|  50|0x0000000084600000, 0x0000000084600000, 0x0000000084700000|  0%| F|  |TAMS 0x0000000084600000, 0x0000000084600000| Untracked 
|  51|0x0000000084700000, 0x0000000084700000, 0x0000000084800000|  0%| F|  |TAMS 0x0000000084700000, 0x0000000084700000| Untracked 
|  52|0x0000000084800000, 0x0000000084800000, 0x0000000084900000|  0%| F|  |TAMS 0x0000000084800000, 0x0000000084800000| Untracked 
|  53|0x0000000084900000, 0x0000000084900000, 0x0000000084a00000|  0%| F|  |TAMS 0x0000000084900000, 0x0000000084900000| Untracked 
|  54|0x0000000084a00000, 0x0000000084a00000, 0x0000000084b00000|  0%| F|  |TAMS 0x0000000084a00000, 0x0000000084a00000| Untracked 
|  55|0x0000000084b00000, 0x0000000084b00000, 0x0000000084c00000|  0%| F|  |TAMS 0x0000000084b00000, 0x0000000084b00000| Untracked 
|  56|0x0000000084c00000, 0x0000000084c00000, 0x0000000084d00000|  0%| F|  |TAMS 0x0000000084c00000, 0x0000000084c00000| Untracked 
|  57|0x0000000084d00000, 0x0000000084d00000, 0x0000000084e00000|  0%| F|  |TAMS 0x0000000084d00000, 0x0000000084d00000| Untracked 
|  58|0x0000000084e00000, 0x0000000084e00000, 0x0000000084f00000|  0%| F|  |TAMS 0x0000000084e00000, 0x0000000084e00000| Untracked 
|  59|0x0000000084f00000, 0x0000000084f00000, 0x0000000085000000|  0%| F|  |TAMS 0x0000000084f00000, 0x0000000084f00000| Untracked 
|  60|0x0000000085000000, 0x0000000085000000, 0x0000000085100000|  0%| F|  |TAMS 0x0000000085000000, 0x0000000085000000| Untracked 
|  61|0x0000000085100000, 0x0000000085100000, 0x0000000085200000|  0%| F|  |TAMS 0x0000000085100000, 0x0000000085100000| Untracked 
|  62|0x0000000085200000, 0x0000000085200000, 0x0000000085300000|  0%| F|  |TAMS 0x0000000085200000, 0x0000000085200000| Untracked 
|  63|0x0000000085300000, 0x0000000085300000, 0x0000000085400000|  0%| F|  |TAMS 0x0000000085300000, 0x0000000085300000| Untracked 
|  64|0x0000000085400000, 0x0000000085400000, 0x0000000085500000|  0%| F|  |TAMS 0x0000000085400000, 0x0000000085400000| Untracked 
|  65|0x0000000085500000, 0x0000000085500000, 0x0000000085600000|  0%| F|  |TAMS 0x0000000085500000, 0x0000000085500000| Untracked 
|  66|0x0000000085600000, 0x0000000085600000, 0x0000000085700000|  0%| F|  |TAMS 0x0000000085600000, 0x0000000085600000| Untracked 
|  67|0x0000000085700000, 0x0000000085700000, 0x0000000085800000|  0%| F|  |TAMS 0x0000000085700000, 0x0000000085700000| Untracked 
|  68|0x0000000085800000, 0x0000000085800000, 0x0000000085900000|  0%| F|  |TAMS 0x0000000085800000, 0x0000000085800000| Untracked 
|  69|0x0000000085900000, 0x0000000085900000, 0x0000000085a00000|  0%| F|  |TAMS 0x0000000085900000, 0x0000000085900000| Untracked 
|  70|0x0000000085a00000, 0x0000000085a00000, 0x0000000085b00000|  0%| F|  |TAMS 0x0000000085a00000, 0x0000000085a00000| Untracked 
|  71|0x0000000085b00000, 0x0000000085b00000, 0x0000000085c00000|  0%| F|  |TAMS 0x0000000085b00000, 0x0000000085b00000| Untracked 
|  72|0x0000000085c00000, 0x0000000085c00000, 0x0000000085d00000|  0%| F|  |TAMS 0x0000000085c00000, 0x0000000085c00000| Untracked 
|  73|0x0000000085d00000, 0x0000000085d00000, 0x0000000085e00000|  0%| F|  |TAMS 0x0000000085d00000, 0x0000000085d00000| Untracked 
|  74|0x0000000085e00000, 0x0000000085e00000, 0x0000000085f00000|  0%| F|  |TAMS 0x0000000085e00000, 0x0000000085e00000| Untracked 
|  75|0x0000000085f00000, 0x0000000085f00000, 0x0000000086000000|  0%| F|  |TAMS 0x0000000085f00000, 0x0000000085f00000| Untracked 
|  76|0x0000000086000000, 0x0000000086000000, 0x0000000086100000|  0%| F|  |TAMS 0x0000000086000000, 0x0000000086000000| Untracked 
|  77|0x0000000086100000, 0x0000000086100000, 0x0000000086200000|  0%| F|  |TAMS 0x0000000086100000, 0x0000000086100000| Untracked 
|  78|0x0000000086200000, 0x0000000086200000, 0x0000000086300000|  0%| F|  |TAMS 0x0000000086200000, 0x0000000086200000| Untracked 
|  79|0x0000000086300000, 0x0000000086300000, 0x0000000086400000|  0%| F|  |TAMS 0x0000000086300000, 0x0000000086300000| Untracked 
|  80|0x0000000086400000, 0x0000000086400000, 0x0000000086500000|  0%| F|  |TAMS 0x0000000086400000, 0x0000000086400000| Untracked 
|  81|0x0000000086500000, 0x0000000086500000, 0x0000000086600000|  0%| F|  |TAMS 0x0000000086500000, 0x0000000086500000| Untracked 
|  82|0x0000000086600000, 0x0000000086600000, 0x0000000086700000|  0%| F|  |TAMS 0x0000000086600000, 0x0000000086600000| Untracked 
|  83|0x0000000086700000, 0x0000000086700000, 0x0000000086800000|  0%| F|  |TAMS 0x0000000086700000, 0x0000000086700000| Untracked 
|  84|0x0000000086800000, 0x0000000086800000, 0x0000000086900000|  0%| F|  |TAMS 0x0000000086800000, 0x0000000086800000| Untracked 
|  85|0x0000000086900000, 0x0000000086900000, 0x0000000086a00000|  0%| F|  |TAMS 0x0000000086900000, 0x0000000086900000| Untracked 
|  86|0x0000000086a00000, 0x0000000086a00000, 0x0000000086b00000|  0%| F|  |TAMS 0x0000000086a00000, 0x0000000086a00000| Untracked 
|  87|0x0000000086b00000, 0x0000000086b00000, 0x0000000086c00000|  0%| F|  |TAMS 0x0000000086b00000, 0x0000000086b00000| Untracked 
|  88|0x0000000086c00000, 0x0000000086c00000, 0x0000000086d00000|  0%| F|  |TAMS 0x0000000086c00000, 0x0000000086c00000| Untracked 
|  89|0x0000000086d00000, 0x0000000086d00000, 0x0000000086e00000|  0%| F|  |TAMS 0x0000000086d00000, 0x0000000086d00000| Untracked 
|  90|0x0000000086e00000, 0x0000000086e00000, 0x0000000086f00000|  0%| F|  |TAMS 0x0000000086e00000, 0x0000000086e00000| Untracked 
|  91|0x0000000086f00000, 0x0000000086f00000, 0x0000000087000000|  0%| F|  |TAMS 0x0000000086f00000, 0x0000000086f00000| Untracked 
|  92|0x0000000087000000, 0x0000000087000000, 0x0000000087100000|  0%| F|  |TAMS 0x0000000087000000, 0x0000000087000000| Untracked 
|  93|0x0000000087100000, 0x0000000087100000, 0x0000000087200000|  0%| F|  |TAMS 0x0000000087100000, 0x0000000087100000| Untracked 
|  94|0x0000000087200000, 0x0000000087200000, 0x0000000087300000|  0%| F|  |TAMS 0x0000000087200000, 0x0000000087200000| Untracked 
|  95|0x0000000087300000, 0x0000000087300000, 0x0000000087400000|  0%| F|  |TAMS 0x0000000087300000, 0x0000000087300000| Untracked 
|  96|0x0000000087400000, 0x0000000087400000, 0x0000000087500000|  0%| F|  |TAMS 0x0000000087400000, 0x0000000087400000| Untracked 
|  97|0x0000000087500000, 0x0000000087500000, 0x0000000087600000|  0%| F|  |TAMS 0x0000000087500000, 0x0000000087500000| Untracked 
|  98|0x0000000087600000, 0x0000000087600000, 0x0000000087700000|  0%| F|  |TAMS 0x0000000087600000, 0x0000000087600000| Untracked 
|  99|0x0000000087700000, 0x0000000087700000, 0x0000000087800000|  0%| F|  |TAMS 0x0000000087700000, 0x0000000087700000| Untracked 
| 100|0x0000000087800000, 0x0000000087800000, 0x0000000087900000|  0%| F|  |TAMS 0x0000000087800000, 0x0000000087800000| Untracked 
| 101|0x0000000087900000, 0x0000000087900000, 0x0000000087a00000|  0%| F|  |TAMS 0x0000000087900000, 0x0000000087900000| Untracked 
| 102|0x0000000087a00000, 0x0000000087a00000, 0x0000000087b00000|  0%| F|  |TAMS 0x0000000087a00000, 0x0000000087a00000| Untracked 
| 103|0x0000000087b00000, 0x0000000087b00000, 0x0000000087c00000|  0%| F|  |TAMS 0x0000000087b00000, 0x0000000087b00000| Untracked 
| 104|0x0000000087c00000, 0x0000000087c00000, 0x0000000087d00000|  0%| F|  |TAMS 0x0000000087c00000, 0x0000000087c00000| Untracked 
| 105|0x0000000087d00000, 0x0000000087d00000, 0x0000000087e00000|  0%| F|  |TAMS 0x0000000087d00000, 0x0000000087d00000| Untracked 
| 106|0x0000000087e00000, 0x0000000087e00000, 0x0000000087f00000|  0%| F|  |TAMS 0x0000000087e00000, 0x0000000087e00000| Untracked 
| 107|0x0000000087f00000, 0x0000000087f00000, 0x0000000088000000|  0%| F|  |TAMS 0x0000000087f00000, 0x0000000087f00000| Untracked 
| 108|0x0000000088000000, 0x0000000088000000, 0x0000000088100000|  0%| F|  |TAMS 0x0000000088000000, 0x0000000088000000| Untracked 
| 109|0x0000000088100000, 0x0000000088100000, 0x0000000088200000|  0%| F|  |TAMS 0x0000000088100000, 0x0000000088100000| Untracked 
| 110|0x0000000088200000, 0x0000000088200000, 0x0000000088300000|  0%| F|  |TAMS 0x0000000088200000, 0x0000000088200000| Untracked 
| 111|0x0000000088300000, 0x0000000088300000, 0x0000000088400000|  0%| F|  |TAMS 0x0000000088300000, 0x0000000088300000| Untracked 
| 112|0x0000000088400000, 0x0000000088400000, 0x0000000088500000|  0%| F|  |TAMS 0x0000000088400000, 0x0000000088400000| Untracked 
| 113|0x0000000088500000, 0x0000000088500000, 0x0000000088600000|  0%| F|  |TAMS 0x0000000088500000, 0x0000000088500000| Untracked 
| 114|0x0000000088600000, 0x0000000088600000, 0x0000000088700000|  0%| F|  |TAMS 0x0000000088600000, 0x0000000088600000| Untracked 
| 115|0x0000000088700000, 0x0000000088700000, 0x0000000088800000|  0%| F|  |TAMS 0x0000000088700000, 0x0000000088700000| Untracked 
| 116|0x0000000088800000, 0x0000000088800000, 0x0000000088900000|  0%| F|  |TAMS 0x0000000088800000, 0x0000000088800000| Untracked 
| 117|0x0000000088900000, 0x00000000889431c0, 0x0000000088a00000| 26%| E|  |TAMS 0x0000000088900000, 0x0000000088900000| Complete 
| 118|0x0000000088a00000, 0x0000000088b00000, 0x0000000088b00000|100%| E|CS|TAMS 0x0000000088a00000, 0x0000000088a00000| Complete 
| 119|0x0000000088b00000, 0x0000000088c00000, 0x0000000088c00000|100%| E|CS|TAMS 0x0000000088b00000, 0x0000000088b00000| Complete 
| 120|0x0000000088c00000, 0x0000000088d00000, 0x0000000088d00000|100%| E|CS|TAMS 0x0000000088c00000, 0x0000000088c00000| Complete 
| 121|0x0000000088d00000, 0x0000000088e00000, 0x0000000088e00000|100%| E|CS|TAMS 0x0000000088d00000, 0x0000000088d00000| Complete 
| 122|0x0000000088e00000, 0x0000000088f00000, 0x0000000088f00000|100%| E|CS|TAMS 0x0000000088e00000, 0x0000000088e00000| Complete 
| 123|0x0000000088f00000, 0x0000000089000000, 0x0000000089000000|100%| E|CS|TAMS 0x0000000088f00000, 0x0000000088f00000| Complete 
| 124|0x0000000089000000, 0x0000000089100000, 0x0000000089100000|100%| E|CS|TAMS 0x0000000089000000, 0x0000000089000000| Complete 
| 125|0x0000000089100000, 0x0000000089200000, 0x0000000089200000|100%| E|CS|TAMS 0x0000000089100000, 0x0000000089100000| Complete 
| 126|0x0000000089200000, 0x0000000089300000, 0x0000000089300000|100%| E|CS|TAMS 0x0000000089200000, 0x0000000089200000| Complete 
| 127|0x0000000089300000, 0x0000000089400000, 0x0000000089400000|100%| E|CS|TAMS 0x0000000089300000, 0x0000000089300000| Complete 

Card table byte_map: [0x000001c16f730000,0x000001c16fb30000] _byte_map_base: 0x000001c16f326000

Marking Bits (Prev, Next): (CMBitMap*) 0x000001c15cdf8fc0, (CMBitMap*) 0x000001c15cdf9000
 Prev Bits: [0x000001c16ff30000, 0x000001c171ee0000)
 Next Bits: [0x000001c171ee0000, 0x000001c173e90000)

Polling page: 0x000001c15aca0000

Metaspace:

Usage:
  Non-class:     16.08 MB used.
      Class:      1.86 MB used.
       Both:     17.93 MB used.

Virtual space:
  Non-class space:       24.00 MB reserved,      16.12 MB ( 67%) committed,  3 nodes.
      Class space:        1.00 GB reserved,       1.94 MB ( <1%) committed,  1 nodes.
              Both:        1.02 GB reserved,      18.06 MB (  2%) committed. 

Chunk freelists:
   Non-Class:  3.88 MB
       Class:  2.06 MB
        Both:  5.94 MB

MaxMetaspaceSize: 17179869184.00 GB
CompressedClassSpaceSize: 1.00 GB
 - commit_granule_bytes: 65536.
 - commit_granule_words: 8192.
 - virtual_space_node_default_size: 1048576.
 - enlarge_chunks_in_place: 1.
 - new_chunks_are_fully_committed: 0.
 - uncommit_free_chunks: 1.
 - use_allocation_guard: 0.
 - handle_deallocations: 1.


Internal statistics:

num_allocs_failed_limit: 0.
num_arena_births: 112.
num_arena_deaths: 0.
num_vsnodes_births: 4.
num_vsnodes_deaths: 0.
num_space_committed: 289.
num_space_uncommitted: 0.
num_chunks_returned_to_freelist: 0.
num_chunks_taken_from_freelist: 197.
num_chunk_merges: 0.
num_chunk_splits: 98.
num_chunks_enlarged: 44.
num_purges: 0.

CodeHeap 'non-profiled nmethods': size=120000Kb used=451Kb max_used=451Kb free=119548Kb
 bounds [0x000001c167e00000, 0x000001c168070000, 0x000001c16f330000]
CodeHeap 'profiled nmethods': size=120000Kb used=2600Kb max_used=2600Kb free=117399Kb
 bounds [0x000001c1608d0000, 0x000001c160b60000, 0x000001c167e00000]
CodeHeap 'non-nmethods': size=5760Kb used=1307Kb max_used=1349Kb free=4452Kb
 bounds [0x000001c160330000, 0x000001c1605a0000, 0x000001c1608d0000]
 total_blobs=2125 nmethods=1486 adapters=552
 compilation: enabled
              stopped_count=0, restarted_count=0
 full_count=0

Compilation events (20 events):
Event: 3.628 Thread 0x000001c176d56a60 nmethod 1478 0x000001c160b57e10 code [0x000001c160b57fc0, 0x000001c160b581a8]
Event: 3.634 Thread 0x000001c176d19b60 nmethod 1456% 0x000001c167e66e90 code [0x000001c167e670e0, 0x000001c167e6c6b8]
Event: 3.635 Thread 0x000001c176d19b60 1476       4       jdk.internal.org.objectweb.asm.SymbolTable::put (150 bytes)
Event: 3.637 Thread 0x000001c176d19b60 nmethod 1476 0x000001c167e70110 code [0x000001c167e702a0, 0x000001c167e705f8]
Event: 3.640 Thread 0x000001c176d19b60 1479       4       java.lang.StringUTF16::putChar (54 bytes)
Event: 3.640 Thread 0x000001c176d56a60 1480       3       javax.swing.border.AbstractBorder::getBorderInsets (17 bytes)
Event: 3.640 Thread 0x000001c176d56a60 nmethod 1480 0x000001c160b58290 code [0x000001c160b58440, 0x000001c160b58728]
Event: 3.640 Thread 0x000001c176d56a60 1481       3       javax.swing.text.GapContent$StickyPosition::getOffset (8 bytes)
Event: 3.640 Thread 0x000001c176d56a60 nmethod 1481 0x000001c160b58890 code [0x000001c160b58a40, 0x000001c160b58b88]
Event: 3.640 Thread 0x000001c176d56a60 1482       3       javax.swing.text.GapContent$MarkData::getOffset (46 bytes)
Event: 3.640 Thread 0x000001c176d19b60 nmethod 1479 0x000001c167e70790 code [0x000001c167e70920, 0x000001c167e709f8]
Event: 3.640 Thread 0x000001c176d56a60 nmethod 1482 0x000001c160b58c90 code [0x000001c160b58e40, 0x000001c160b59098]
Event: 3.640 Thread 0x000001c176d56a60 1483       1       javax.swing.JTextArea::getUIClassID (3 bytes)
Event: 3.641 Thread 0x000001c176d56a60 nmethod 1483 0x000001c167e70b10 code [0x000001c167e70ca0, 0x000001c167e70d78]
Event: 3.641 Thread 0x000001c176d56a60 1484       3       javax.swing.text.GapContent::getArrayLength (11 bytes)
Event: 3.641 Thread 0x000001c176d56a60 nmethod 1484 0x000001c160b59190 code [0x000001c160b59340, 0x000001c160b59558]
Event: 3.642 Thread 0x000001c176d56a60 1485       3       sun.java2d.pipe.Region::isInsideQuickCheck (57 bytes)
Event: 3.642 Thread 0x000001c176d56a60 nmethod 1485 0x000001c160b59610 code [0x000001c160b597c0, 0x000001c160b59a38]
Event: 3.642 Thread 0x000001c176d56a60 1486       3       javax.swing.text.GapContent::length (17 bytes)
Event: 3.642 Thread 0x000001c176d56a60 nmethod 1486 0x000001c160b59b10 code [0x000001c160b59cc0, 0x000001c160b59f78]

GC Heap History (0 events):
No events

Deoptimization events (20 events):
Event: 2.271 Thread 0x000001c17721a300 Uncommon trap: trap_request=0xffffffde fr.pc=0x000001c167e3e428 relative=0x0000000000000188
Event: 2.271 Thread 0x000001c17721a300 Uncommon trap: reason=class_check action=maybe_recompile pc=0x000001c167e3e428 method=java.lang.String.equals(Ljava/lang/Object;)Z @ 8 c2
Event: 2.271 Thread 0x000001c17721a300 DEOPT PACKING pc=0x000001c167e3e428 sp=0x0000006ec51fdd20
Event: 2.271 Thread 0x000001c17721a300 DEOPT UNPACKING pc=0x000001c16037d72e sp=0x0000006ec51fdca8 mode 2
Event: 2.271 Thread 0x000001c17721a300 Uncommon trap: trap_request=0xffffffde fr.pc=0x000001c167e3e428 relative=0x0000000000000188
Event: 2.271 Thread 0x000001c17721a300 Uncommon trap: reason=class_check action=maybe_recompile pc=0x000001c167e3e428 method=java.lang.String.equals(Ljava/lang/Object;)Z @ 8 c2
Event: 2.272 Thread 0x000001c17721a300 DEOPT PACKING pc=0x000001c167e3e428 sp=0x0000006ec51fdd20
Event: 2.272 Thread 0x000001c17721a300 DEOPT UNPACKING pc=0x000001c16037d72e sp=0x0000006ec51fdca8 mode 2
Event: 2.398 Thread 0x000001c17721a300 DEOPT PACKING pc=0x000001c160ad30b2 sp=0x0000006ec51fd5a0
Event: 2.398 Thread 0x000001c17721a300 DEOPT UNPACKING pc=0x000001c16037dece sp=0x0000006ec51fca58 mode 0
Event: 2.415 Thread 0x000001c17721a300 DEOPT PACKING pc=0x000001c160ad30b2 sp=0x0000006ec51fd5a0
Event: 2.415 Thread 0x000001c17721a300 DEOPT UNPACKING pc=0x000001c16037dece sp=0x0000006ec51fca58 mode 0
Event: 2.415 Thread 0x000001c17721a300 DEOPT PACKING pc=0x000001c160acb48e sp=0x0000006ec51fd670
Event: 2.415 Thread 0x000001c17721a300 DEOPT UNPACKING pc=0x000001c16037dece sp=0x0000006ec51fca20 mode 0
Event: 2.430 Thread 0x000001c17721a300 DEOPT PACKING pc=0x000001c160ac7a46 sp=0x0000006ec51fd630
Event: 2.430 Thread 0x000001c17721a300 DEOPT UNPACKING pc=0x000001c16037dece sp=0x0000006ec51fcac0 mode 0
Event: 3.119 Thread 0x000001c17721a300 Uncommon trap: trap_request=0xffffffde fr.pc=0x000001c167e3e428 relative=0x0000000000000188
Event: 3.119 Thread 0x000001c17721a300 Uncommon trap: reason=class_check action=maybe_recompile pc=0x000001c167e3e428 method=java.lang.String.equals(Ljava/lang/Object;)Z @ 8 c2
Event: 3.119 Thread 0x000001c17721a300 DEOPT PACKING pc=0x000001c167e3e428 sp=0x0000006ec51fdea0
Event: 3.119 Thread 0x000001c17721a300 DEOPT UNPACKING pc=0x000001c16037d72e sp=0x0000006ec51fde28 mode 2

Classes unloaded (0 events):
No events

Classes redefined (0 events):
No events

Internal exceptions (20 events):
Event: 0.655 Thread 0x000001c15cdba300 Exception <a 'java/lang/ClassNotFoundException'{0x0000000088f1e4c8}: TextPane> (0x0000000088f1e4c8) 
thrown [t:\workspace\open\src\hotspot\share\classfile\systemDictionary.cpp, line 256]
Event: 0.655 Thread 0x000001c15cdba300 Exception <a 'java/lang/ClassNotFoundException'{0x0000000088f1e930}: EditorPane> (0x0000000088f1e930) 
thrown [t:\workspace\open\src\hotspot\share\classfile\systemDictionary.cpp, line 256]
Event: 0.656 Thread 0x000001c15cdba300 Exception <a 'java/lang/ClassNotFoundException'{0x0000000088f1f290}: ToolBar> (0x0000000088f1f290) 
thrown [t:\workspace\open\src\hotspot\share\classfile\systemDictionary.cpp, line 256]
Event: 0.656 Thread 0x000001c15cdba300 Exception <a 'java/lang/ClassNotFoundException'{0x0000000088f1f788}: ToolBar> (0x0000000088f1f788) 
thrown [t:\workspace\open\src\hotspot\share\classfile\systemDictionary.cpp, line 256]
Event: 0.656 Thread 0x000001c15cdba300 Exception <a 'java/lang/ClassNotFoundException'{0x0000000088f1fae8}: Button> (0x0000000088f1fae8) 
thrown [t:\workspace\open\src\hotspot\share\classfile\systemDictionary.cpp, line 256]
Event: 0.656 Thread 0x000001c15cdba300 Exception <a 'java/lang/ClassNotFoundException'{0x0000000088f1ffb0}: ToolBar> (0x0000000088f1ffb0) 
thrown [t:\workspace\open\src\hotspot\share\classfile\systemDictionary.cpp, line 256]
Event: 0.656 Thread 0x000001c15cdba300 Exception <a 'java/lang/ClassNotFoundException'{0x0000000088f20320}: ToggleButton> (0x0000000088f20320) 
thrown [t:\workspace\open\src\hotspot\share\classfile\systemDictionary.cpp, line 256]
Event: 0.656 Thread 0x000001c15cdba300 Exception <a 'java/lang/ClassNotFoundException'{0x0000000088f20760}: javax/swing/JToolBarSeparator> (0x0000000088f20760) 
thrown [t:\workspace\open\src\hotspot\share\classfile\systemDictionary.cpp, line 256]
Event: 0.656 Thread 0x000001c15cdba300 Exception <a 'java/lang/ClassNotFoundException'{0x0000000088f20a68}: ToolBarSeparator> (0x0000000088f20a68) 
thrown [t:\workspace\open\src\hotspot\share\classfile\systemDictionary.cpp, line 256]
Event: 0.656 Thread 0x000001c15cdba300 Exception <a 'java/lang/ClassNotFoundException'{0x0000000088f20f80}: ToolTip> (0x0000000088f20f80) 
thrown [t:\workspace\open\src\hotspot\share\classfile\systemDictionary.cpp, line 256]
Event: 0.657 Thread 0x000001c15cdba300 Exception <a 'java/lang/ClassNotFoundException'{0x0000000088f218d0}: Tree> (0x0000000088f218d0) 
thrown [t:\workspace\open\src\hotspot\share\classfile\systemDictionary.cpp, line 256]
Event: 0.657 Thread 0x000001c15cdba300 Exception <a 'java/lang/ClassNotFoundException'{0x0000000088f21dc8}: Tree> (0x0000000088f21dc8) 
thrown [t:\workspace\open\src\hotspot\share\classfile\systemDictionary.cpp, line 256]
Event: 0.657 Thread 0x000001c15cdba300 Exception <a 'java/lang/ClassNotFoundException'{0x0000000088f22138}: javax/swing/JTreeCell> (0x0000000088f22138) 
thrown [t:\workspace\open\src\hotspot\share\classfile\systemDictionary.cpp, line 256]
Event: 0.657 Thread 0x000001c15cdba300 Exception <a 'java/lang/ClassNotFoundException'{0x0000000088f22438}: TreeCell> (0x0000000088f22438) 
thrown [t:\workspace\open\src\hotspot\share\classfile\systemDictionary.cpp, line 256]
Event: 0.658 Thread 0x000001c15cdba300 Exception <a 'java/lang/ClassNotFoundException'{0x0000000088f22bf8}: RootPane> (0x0000000088f22bf8) 
thrown [t:\workspace\open\src\hotspot\share\classfile\systemDictionary.cpp, line 256]
Event: 0.661 Thread 0x000001c15cdba300 Exception <a 'java/lang/ClassNotFoundException'{0x0000000088f25a48}: com/sun/swing/internal/plaf/metal/resources/spi/metalProvider> (0x0000000088f25a48) 
thrown [t:\workspace\open\src\hotspot\share\classfile\systemDictionary.cpp, line 256]
Event: 0.662 Thread 0x000001c15cdba300 Exception <a 'java/lang/ClassNotFoundException'{0x0000000088f29838}: com/sun/swing/internal/plaf/basic/resources/spi/basicProvider> (0x0000000088f29838) 
thrown [t:\workspace\open\src\hotspot\share\classfile\systemDictionary.cpp, line 256]
Event: 0.703 Thread 0x000001c17721a300 Exception <a 'java/lang/ClassNotFoundException'{0x0000000088fa4c18}: com/sun/swing/internal/plaf/synth/resources/spi/synthProvider> (0x0000000088fa4c18) 
thrown [t:\workspace\open\src\hotspot\share\classfile\systemDictionary.cpp, line 256]
Event: 0.846 Thread 0x000001c17710beb0 Exception <a 'java/lang/NoSuchMethodError'{0x0000000089195228}: 'void java.lang.invoke.DirectMethodHandle$Holder.invokeVirtual(java.lang.Object, java.lang.Object)'> (0x0000000089195228) 
thrown [t:\workspace\open\src\hotspot\share\interpreter\linkResolver.cpp, line 790]
Event: 0.864 Thread 0x000001c17721a300 Exception <a 'java/lang/NoSuchMethodError'{0x0000000088d2d7d0}: 'void java.lang.invoke.DirectMethodHandle$Holder.invokeStaticInit(java.lang.Object)'> (0x0000000088d2d7d0) 
thrown [t:\workspace\open\src\hotspot\share\interpreter\linkResolver.cpp, line 790]

Events (20 events):
Event: 3.592 loading class java/util/TreeSet
Event: 3.600 loading class java/util/NavigableSet
Event: 3.600 loading class java/util/SortedSet
Event: 3.600 loading class java/util/SortedSet done
Event: 3.600 loading class java/util/NavigableSet done
Event: 3.600 loading class java/util/TreeSet done
Event: 3.600 loading class java/util/regex/Pattern$Begin
Event: 3.600 loading class java/util/regex/Pattern$Begin done
Event: 3.600 loading class java/util/regex/Pattern$First
Event: 3.606 loading class java/util/regex/Pattern$First done
Event: 3.607 loading class java/util/TreeMap$KeySet
Event: 3.612 loading class java/util/TreeMap$KeySet done
Event: 3.612 loading class java/util/TreeMap$KeyIterator
Event: 3.612 loading class java/util/TreeMap$KeyIterator done
Event: 3.612 loading class javax/swing/plaf/synth/SynthRadioButtonMenuItemUI
Event: 3.612 loading class javax/swing/plaf/synth/SynthRadioButtonMenuItemUI done
Event: 3.613 loading class javax/swing/plaf/nimbus/RadioButtonMenuItemPainter
Event: 3.625 loading class javax/swing/plaf/nimbus/RadioButtonMenuItemPainter done
Event: 3.628 loading class java/lang/SecurityException
Event: 3.628 loading class java/lang/SecurityException done


Dynamic libraries:
0x00007ff608f80000 - 0x00007ff608f8e000 	C:\Users\rjhjk\.p2\pool\plugins\org.eclipse.justj.openjdk.hotspot.jre.full.win32.x86_64_16.0.2.v20210721-1149\jre\bin\javaw.exe
0x00007ffea78f0000 - 0x00007ffea7ae5000 	C:\Windows\SYSTEM32\ntdll.dll
0x00007ffea7790000 - 0x00007ffea784d000 	C:\Windows\System32\KERNEL32.DLL
0x00007ffea54c0000 - 0x00007ffea5789000 	C:\Windows\System32\KERNELBASE.dll
0x00007ffea28f0000 - 0x00007ffea2980000 	C:\Windows\SYSTEM32\apphelp.dll
0x00007ffea5070000 - 0x00007ffea5170000 	C:\Windows\System32\ucrtbase.dll
0x00007ffe99e10000 - 0x00007ffe99e28000 	C:\Users\rjhjk\.p2\pool\plugins\org.eclipse.justj.openjdk.hotspot.jre.full.win32.x86_64_16.0.2.v20210721-1149\jre\bin\jli.dll
0x00007ffe97680000 - 0x00007ffe97699000 	C:\Users\rjhjk\.p2\pool\plugins\org.eclipse.justj.openjdk.hotspot.jre.full.win32.x86_64_16.0.2.v20210721-1149\jre\bin\VCRUNTIME140.dll
0x00007ffea6410000 - 0x00007ffea65b0000 	C:\Windows\System32\USER32.dll
0x00007ffe98c30000 - 0x00007ffe98eca000 	C:\Windows\WinSxS\amd64_microsoft.windows.common-controls_6595b64144ccf1df_6.0.19041.1110_none_60b5254171f9507e\COMCTL32.dll
0x00007ffea6610000 - 0x00007ffea66ae000 	C:\Windows\System32\msvcrt.dll
0x00007ffea7170000 - 0x00007ffea719a000 	C:\Windows\System32\GDI32.dll
0x00007ffea5200000 - 0x00007ffea5222000 	C:\Windows\System32\win32u.dll
0x00007ffea5840000 - 0x00007ffea594b000 	C:\Windows\System32\gdi32full.dll
0x00007ffea5260000 - 0x00007ffea52fd000 	C:\Windows\System32\msvcp_win.dll
0x00007ffea7590000 - 0x00007ffea75c0000 	C:\Windows\System32\IMM32.DLL
0x00007ffe99df0000 - 0x00007ffe99dfc000 	C:\Users\rjhjk\.p2\pool\plugins\org.eclipse.justj.openjdk.hotspot.jre.full.win32.x86_64_16.0.2.v20210721-1149\jre\bin\vcruntime140_1.dll
0x00007ffe6f180000 - 0x00007ffe6f211000 	C:\Users\rjhjk\.p2\pool\plugins\org.eclipse.justj.openjdk.hotspot.jre.full.win32.x86_64_16.0.2.v20210721-1149\jre\bin\msvcp140.dll
0x00007ffe4c030000 - 0x00007ffe4cbdb000 	C:\Users\rjhjk\.p2\pool\plugins\org.eclipse.justj.openjdk.hotspot.jre.full.win32.x86_64_16.0.2.v20210721-1149\jre\bin\server\jvm.dll
0x00007ffea70c0000 - 0x00007ffea716c000 	C:\Windows\System32\ADVAPI32.dll
0x00007ffea76f0000 - 0x00007ffea778b000 	C:\Windows\System32\sechost.dll
0x00007ffea6f90000 - 0x00007ffea70ba000 	C:\Windows\System32\RPCRT4.dll
0x00007ffea71a0000 - 0x00007ffea71a8000 	C:\Windows\System32\PSAPI.DLL
0x00007ffe884a0000 - 0x00007ffe884c7000 	C:\Windows\SYSTEM32\WINMM.dll
0x00007ffea0ae0000 - 0x00007ffea0aea000 	C:\Windows\SYSTEM32\VERSION.dll
0x00007ffea0b50000 - 0x00007ffea0b59000 	C:\Windows\SYSTEM32\WSOCK32.dll
0x00007ffea6d40000 - 0x00007ffea6dab000 	C:\Windows\System32\WS2_32.dll
0x00007ffea2e70000 - 0x00007ffea2e82000 	C:\Windows\SYSTEM32\kernel.appcore.dll
0x00007ffea0e00000 - 0x00007ffea0e0a000 	C:\Users\rjhjk\.p2\pool\plugins\org.eclipse.justj.openjdk.hotspot.jre.full.win32.x86_64_16.0.2.v20210721-1149\jre\bin\jimage.dll
0x00007ffe9fe50000 - 0x00007ffea0034000 	C:\Windows\SYSTEM32\DBGHELP.DLL
0x00007ffe9fc50000 - 0x00007ffe9fc7c000 	C:\Windows\SYSTEM32\dbgcore.DLL
0x00007ffea5170000 - 0x00007ffea51f3000 	C:\Windows\System32\bcryptPrimitives.dll
0x00007ffe9f1e0000 - 0x00007ffe9f205000 	C:\Users\rjhjk\.p2\pool\plugins\org.eclipse.justj.openjdk.hotspot.jre.full.win32.x86_64_16.0.2.v20210721-1149\jre\bin\java.dll
0x00007ffea0ba0000 - 0x00007ffea0bb8000 	C:\Users\rjhjk\.p2\pool\plugins\org.eclipse.justj.openjdk.hotspot.jre.full.win32.x86_64_16.0.2.v20210721-1149\jre\bin\zip.dll
0x00007ffea5c20000 - 0x00007ffea635f000 	C:\Windows\System32\SHELL32.dll
0x00007ffea3150000 - 0x00007ffea38e0000 	C:\Windows\SYSTEM32\windows.storage.dll
0x00007ffea71b0000 - 0x00007ffea7505000 	C:\Windows\System32\combase.dll
0x00007ffea4a10000 - 0x00007ffea4a3c000 	C:\Windows\SYSTEM32\Wldp.dll
0x00007ffea6b90000 - 0x00007ffea6c3e000 	C:\Windows\System32\SHCORE.dll
0x00007ffea6db0000 - 0x00007ffea6e05000 	C:\Windows\System32\shlwapi.dll
0x00007ffea4f60000 - 0x00007ffea4f7f000 	C:\Windows\SYSTEM32\profapi.dll
0x00007ffe9f180000 - 0x00007ffe9f199000 	C:\Users\rjhjk\.p2\pool\plugins\org.eclipse.justj.openjdk.hotspot.jre.full.win32.x86_64_16.0.2.v20210721-1149\jre\bin\net.dll
0x00007ffe9e9a0000 - 0x00007ffe9eaa8000 	C:\Windows\SYSTEM32\WINHTTP.dll
0x00007ffea4710000 - 0x00007ffea477a000 	C:\Windows\system32\mswsock.dll
0x00007ffe9f160000 - 0x00007ffe9f173000 	C:\Users\rjhjk\.p2\pool\plugins\org.eclipse.justj.openjdk.hotspot.jre.full.win32.x86_64_16.0.2.v20210721-1149\jre\bin\nio.dll
0x00007ffe67f40000 - 0x00007ffe680bf000 	C:\Users\rjhjk\.p2\pool\plugins\org.eclipse.justj.openjdk.hotspot.jre.full.win32.x86_64_16.0.2.v20210721-1149\jre\bin\awt.dll
0x00007ffea6ec0000 - 0x00007ffea6f8d000 	C:\Windows\System32\OLEAUT32.dll
0x00007ffea2a90000 - 0x00007ffea2b2e000 	C:\Windows\system32\uxtheme.dll
0x00007ffea5950000 - 0x00007ffea5a65000 	C:\Windows\System32\MSCTF.dll
0x00007ffea75c0000 - 0x00007ffea76ea000 	C:\Windows\System32\ole32.dll
0x00007ffea2e40000 - 0x00007ffea2e6f000 	C:\Windows\system32\DWMAPI.DLL
0x00007ffe689e0000 - 0x00007ffe68a69000 	C:\Users\rjhjk\.p2\pool\plugins\org.eclipse.justj.openjdk.hotspot.jre.full.win32.x86_64_16.0.2.v20210721-1149\jre\bin\freetype.dll
0x00007ffe55e10000 - 0x00007ffe55f06000 	C:\Users\rjhjk\.p2\pool\plugins\org.eclipse.justj.openjdk.hotspot.jre.full.win32.x86_64_16.0.2.v20210721-1149\jre\bin\harfbuzz.dll
0x00007ffe8c0a0000 - 0x00007ffe8c0b2000 	C:\Users\rjhjk\.p2\pool\plugins\org.eclipse.justj.openjdk.hotspot.jre.full.win32.x86_64_16.0.2.v20210721-1149\jre\bin\fontmanager.dll
0x00007ffe94950000 - 0x00007ffe94a75000 	C:\Windows\system32\opengl32.dll
0x00007ffe97360000 - 0x00007ffe9738c000 	C:\Windows\SYSTEM32\GLU32.dll
0x00007ffea6360000 - 0x00007ffea6409000 	C:\Windows\System32\clbcatq.dll
0x00007ffe96060000 - 0x00007ffe96214000 	C:\Windows\SYSTEM32\WindowsCodecs.dll
0x00007ffea5230000 - 0x00007ffea5257000 	C:\Windows\System32\bcrypt.dll
0x00007ffe8d500000 - 0x00007ffe8d53e000 	C:\Windows\system32\dataexchange.dll
0x00007ffea19d0000 - 0x00007ffea1c34000 	C:\Windows\system32\d3d11.dll
0x00007ffea1da0000 - 0x00007ffea1f86000 	C:\Windows\system32\dcomp.dll
0x00007ffea3920000 - 0x00007ffea3a14000 	C:\Windows\system32\dxgi.dll
0x00007ffe96560000 - 0x00007ffe96761000 	C:\Windows\system32\twinapi.appcore.dll
0x00007ffe950e0000 - 0x00007ffe951d9000 	C:\Windows\SYSTEM32\textinputframework.dll
0x00007ffea2690000 - 0x00007ffea2782000 	C:\Windows\System32\CoreMessaging.dll
0x00007ffea2330000 - 0x00007ffea268e000 	C:\Windows\System32\CoreUIComponents.dll
0x00007ffea1c40000 - 0x00007ffea1d94000 	C:\Windows\SYSTEM32\wintypes.dll
0x00007ffea3e40000 - 0x00007ffea3e73000 	C:\Windows\SYSTEM32\ntmarta.dll
0x00007ffea0df0000 - 0x00007ffea0e00000 	C:\Users\rjhjk\.p2\pool\plugins\org.eclipse.justj.openjdk.hotspot.jre.full.win32.x86_64_16.0.2.v20210721-1149\jre\bin\verify.dll
0x0000000071100000 - 0x0000000071125000 	C:\Users\rjhjk\.jssc\windows\jSSC-2.8_x86_64.dll

dbghelp: loaded successfully - version: 4.0.5 - missing functions: none
symbol engine: initialized successfully - sym options: 0x614 - pdb path: .;C:\Users\rjhjk\.p2\pool\plugins\org.eclipse.justj.openjdk.hotspot.jre.full.win32.x86_64_16.0.2.v20210721-1149\jre\bin;C:\Windows\SYSTEM32;C:\Windows\WinSxS\amd64_microsoft.windows.common-controls_6595b64144ccf1df_6.0.19041.1110_none_60b5254171f9507e;C:\Users\rjhjk\.p2\pool\plugins\org.eclipse.justj.openjdk.hotspot.jre.full.win32.x86_64_16.0.2.v20210721-1149\jre\bin\server;C:\Users\rjhjk\.jssc\windows

VM Arguments:
jvm_args: -Dfile.encoding=UTF-8 -XX:+ShowCodeDetailsInExceptionMessages 
java_command: MainScreen
java_class_path (initial): D:\GitHub\Emulators\bin;D:\GitHub\Emulators\lib\jsch-0.1.55.jar;D:\GitHub\Emulators\lib\jSSC-2.8.0-Release\jssc.jar
Launcher Type: SUN_STANDARD

[Global flags]
     intx CICompilerCount                          = 3                                         {product} {ergonomic}
     uint ConcGCThreads                            = 1                                         {product} {ergonomic}
     uint G1ConcRefinementThreads                  = 4                                         {product} {ergonomic}
   size_t G1HeapRegionSize                         = 1048576                                   {product} {ergonomic}
    uintx GCDrainStackTargetSize                   = 64                                        {product} {ergonomic}
   size_t InitialHeapSize                          = 134217728                                 {product} {ergonomic}
   size_t MarkStackSize                            = 4194304                                   {product} {ergonomic}
   size_t MaxHeapSize                              = 2126512128                                {product} {ergonomic}
   size_t MaxNewSize                               = 1275068416                                {product} {ergonomic}
   size_t MinHeapDeltaBytes                        = 1048576                                   {product} {ergonomic}
   size_t MinHeapSize                              = 8388608                                   {product} {ergonomic}
    uintx NonNMethodCodeHeapSize                   = 5832780                                {pd product} {ergonomic}
    uintx NonProfiledCodeHeapSize                  = 122912730                              {pd product} {ergonomic}
    uintx ProfiledCodeHeapSize                     = 122912730                              {pd product} {ergonomic}
    uintx ReservedCodeCacheSize                    = 251658240                              {pd product} {ergonomic}
     bool SegmentedCodeCache                       = true                                      {product} {ergonomic}
     bool ShowCodeDetailsInExceptionMessages       = true                                   {manageable} {command line}
   size_t SoftMaxHeapSize                          = 2126512128                             {manageable} {ergonomic}
     bool UseCompressedClassPointers               = true                           {product lp64_product} {ergonomic}
     bool UseCompressedOops                        = true                           {product lp64_product} {ergonomic}
     bool UseG1GC                                  = true                                      {product} {ergonomic}
     bool UseLargePagesIndividualAllocation        = false                                  {pd product} {ergonomic}

Logging:
Log output configuration:
 #0: stdout all=warning uptime,level,tags
 #1: stderr all=off uptime,level,tags

Environment Variables:
PATH=C:/Users/rjhjk/.p2/pool/plugins/org.eclipse.justj.openjdk.hotspot.jre.full.win32.x86_64_16.0.2.v20210721-1149/jre/bin/server;C:/Users/rjhjk/.p2/pool/plugins/org.eclipse.justj.openjdk.hotspot.jre.full.win32.x86_64_16.0.2.v20210721-1149/jre/bin;C:\Program Files (x86)\VMware\VMware Workstation\bin\;C:\Program Files (x86)\Common Files\Oracle\Java\javapath;C:\Windows\system32;C:\Windows;C:\Windows\System32\Wbem;C:\Windows\System32\WindowsPowerShell\v1.0\;C:\Windows\System32\OpenSSH\;C:\Users\rjhjk\AppData\Local\Microsoft\WindowsApps;C:\Users\rjhjk\AppData\Local\GitHubDesktop\bin;C:\Users\rjhjk\OneDrive\Desktop;
USERNAME=rjhjk
OS=Windows_NT
PROCESSOR_IDENTIFIER=Intel64 Family 6 Model 158 Stepping 9, GenuineIntel



---------------  S Y S T E M  ---------------

OS:
 Windows 10 , 64 bit Build 19041 (10.0.19041.1151)
OS uptime: 0 days 23:32 hours

CPU: total 4 (initial active 4) (4 cores per cpu, 1 threads per core) family 6 model 158 stepping 9 microcode 0xb4, cx8, cmov, fxsr, mmx, 3dnowpref, sse, sse2, sse3, ssse3, sse4.1, sse4.2, popcnt, lzcnt, tsc, tscinvbit, avx, avx2, aes, erms, clmul, bmi1, bmi2, adx, fma, vzeroupper, clflush, clflushopt

Memory: 4k page, system-wide physical 8110M (374M free)
TotalPageFile size 16046M (AvailPageFile size 2164M)
current process WorkingSet (physical memory assigned to process): 87M, peak: 89M
current process commit charge ("private bytes"): 226M, peak: 228M

vm_info: OpenJDK 64-Bit Server VM (16.0.2+7-67) for windows-amd64 JRE (16.0.2+7-67), built on Jun  8 2021 23:21:43 by "mach5one" with MS VC++ 16.7 (VS2019)

END.
